android/app/build/outputs/logs/manifest-merger-debug-report.txt
-- Merging decision tree log ---
manifest
ADDED from src/main/AndroidManifest.xml:1:1-32:12
	package
		ADDED from src/main/AndroidManifest.xml:2:5-31
		INJECTED from src/main/AndroidManifest.xml
		INJECTED from src/main/AndroidManifest.xml
	android:versionName
		ADDED from src/main/AndroidManifest.xml:4:5-30
		INJECTED from src/main/AndroidManifest.xml
		INJECTED from src/main/AndroidManifest.xml
	android:versionCode
		ADDED from src/main/AndroidManifest.xml:3:5-28
		INJECTED from src/main/AndroidManifest.xml
		INJECTED from src/main/AndroidManifest.xml
	xmlns:android
		ADDED from src/main/AndroidManifest.xml:1:11-69
uses-permission#android.permission.INTERNET
ADDED from src/main/AndroidManifest.xml:6:5-67
MERGED from [BoatlyMobile:react-native-mauron85-background-geolocation:unspecified] AndroidManifest.xml:30:5-67
	android:name
		ADDED from src/main/AndroidManifest.xml:6:22-64
uses-permission#android.permission.SYSTEM_ALERT_WINDOW
ADDED from src/main/AndroidManifest.xml:7:5-77
MERGED from [com.facebook.react:react-native:0.52.0] AndroidManifest.xml:11:5-78
	android:name
		ADDED from src/main/AndroidManifest.xml:7:22-75
uses-sdk
ADDED from src/main/AndroidManifest.xml:9:5-11:41
MERGED from [BoatlyMobile:react-native-mauron85-background-geolocation:unspecified] AndroidManifest.xml:25:5-27:41
MERGED from [com.google.android.gms:play-services-location:11.0.4] AndroidManifest.xml:3:5-43
MERGED from [com.google.android.gms:play-services-base:11.0.4] AndroidManifest.xml:17:5-43
MERGED from [com.google.android.gms:play-services-tasks:11.0.4] AndroidManifest.xml:3:5-43
MERGED from [com.google.android.gms:play-services-basement:11.0.4] AndroidManifest.xml:17:5-43
MERGED from [com.intentfilter:android-permissions:0.1.6] AndroidManifest.xml:7:5-9:41
MERGED from [com.facebook.react:react-native:0.52.0] AndroidManifest.xml:7:5-9:41
MERGED from [com.android.support:appcompat-v7:23.0.1] AndroidManifest.xml:20:5-43
MERGED from [com.android.support:support-v4:25.2.0] AndroidManifest.xml:21:5-23:54
MERGED from [com.android.support:support-fragment:25.2.0] AndroidManifest.xml:21:5-23:60
MERGED from [com.android.support:support-media-compat:25.2.0] AndroidManifest.xml:21:5-23:63
MERGED from [com.android.support:support-core-ui:25.2.0] AndroidManifest.xml:21:5-23:58
MERGED from [com.android.support:support-core-utils:25.2.0] AndroidManifest.xml:21:5-23:61
MERGED from [com.android.support:support-compat:25.2.0] AndroidManifest.xml:21:5-23:58
MERGED from [com.facebook.fbui.textlayoutbuilder:textlayoutbuilder:1.0.0] AndroidManifest.xml:14:5-16:41
MERGED from [com.facebook.fresco:fresco:1.3.0] AndroidManifest.xml:5:5-7:41
MERGED from [com.facebook.fresco:drawee:1.3.0] AndroidManifest.xml:5:5-7:41
MERGED from [com.facebook.fresco:imagepipeline-okhttp3:1.3.0] AndroidManifest.xml:5:5-7:41
MERGED from [com.facebook.fresco:imagepipeline:1.3.0] AndroidManifest.xml:5:5-7:41
MERGED from [com.facebook.fresco:imagepipeline-base:1.3.0] AndroidManifest.xml:5:5-7:41
MERGED from [com.facebook.fresco:fbcore:1.3.0] AndroidManifest.xml:5:5-7:41
MERGED from [com.facebook.soloader:soloader:0.1.0] AndroidManifest.xml:2:3-70
	tools:overrideLibrary
		ADDED from [com.android.support:support-v4:25.2.0] AndroidManifest.xml:23:9-51
	android:targetSdkVersion
		ADDED from src/main/AndroidManifest.xml:11:9-38
		INJECTED from src/main/AndroidManifest.xml
		INJECTED from src/main/AndroidManifest.xml
	android:minSdkVersion
		ADDED from src/main/AndroidManifest.xml:10:9-35
		INJECTED from src/main/AndroidManifest.xml
		INJECTED from src/main/AndroidManifest.xml
application
ADDED from src/main/AndroidManifest.xml:13:5-30:19
MERGED from [BoatlyMobile:react-native-mauron85-background-geolocation:unspecified] AndroidManifest.xml:42:5-84:19
MERGED from [com.google.android.gms:play-services-location:11.0.4] AndroidManifest.xml:4:5-19
MERGED from [com.google.android.gms:play-services-base:11.0.4] AndroidManifest.xml:18:5-20:19
MERGED from [com.google.android.gms:play-services-tasks:11.0.4] AndroidManifest.xml:4:5-19
MERGED from [com.google.android.gms:play-services-basement:11.0.4] AndroidManifest.xml:19:5-21:19
MERGED from [com.intentfilter:android-permissions:0.1.6] AndroidManifest.xml:11:5-16:19
MERGED from [com.facebook.react:react-native:0.52.0] AndroidManifest.xml:13:5-20
MERGED from [com.android.support:appcompat-v7:23.0.1] AndroidManifest.xml:22:5-20
MERGED from [com.android.support:support-v4:25.2.0] AndroidManifest.xml:25:5-20
MERGED from [com.android.support:support-fragment:25.2.0] AndroidManifest.xml:25:5-20
MERGED from [com.android.support:support-media-compat:25.2.0] AndroidManifest.xml:25:5-20
MERGED from [com.android.support:support-core-ui:25.2.0] AndroidManifest.xml:25:5-20
MERGED from [com.android.support:support-core-utils:25.2.0] AndroidManifest.xml:25:5-20
MERGED from [com.android.support:support-compat:25.2.0] AndroidManifest.xml:25:5-20
MERGED from [com.facebook.soloader:soloader:0.1.0] AndroidManifest.xml:3:3-17
MERGED from [org.webkit:android-jsc:r174650] AndroidManifest.xml:2:3-17
	android:label
		ADDED from src/main/AndroidManifest.xml:16:7-39
	android:allowBackup
		ADDED from src/main/AndroidManifest.xml:15:7-33
	android:icon
		ADDED from src/main/AndroidManifest.xml:17:7-41
	android:theme
		ADDED from src/main/AndroidManifest.xml:18:7-38
	android:name
		ADDED from src/main/AndroidManifest.xml:14:7-38
activity#com.boatlymobile.MainActivity
ADDED from src/main/AndroidManifest.xml:19:7-28:18
	android:label
		ADDED from src/main/AndroidManifest.xml:21:9-41
	android:windowSoftInputMode
		ADDED from src/main/AndroidManifest.xml:23:9-51
	android:configChanges
		ADDED from src/main/AndroidManifest.xml:22:9-79
	android:name
		ADDED from src/main/AndroidManifest.xml:20:9-37
intent-filter#android.intent.action.MAIN+android.intent.category.LAUNCHER
ADDED from src/main/AndroidManifest.xml:24:9-27:25
action#android.intent.action.MAIN
ADDED from src/main/AndroidManifest.xml:25:13-65
	android:name
		ADDED from src/main/AndroidManifest.xml:25:21-62
category#android.intent.category.LAUNCHER
ADDED from src/main/AndroidManifest.xml:26:13-73
	android:name
		ADDED from src/main/AndroidManifest.xml:26:23-70
activity#com.facebook.react.devsupport.DevSettingsActivity
ADDED from src/main/AndroidManifest.xml:29:7-84
	android:name
		ADDED from src/main/AndroidManifest.xml:29:17-81
uses-permission#android.hardware.location
ADDED from [BoatlyMobile:react-native-mauron85-background-geolocation:unspecified] AndroidManifest.xml:29:5-65
	android:name
		ADDED from [BoatlyMobile:react-native-mauron85-background-geolocation:unspecified] AndroidManifest.xml:29:22-62
uses-permission#android.permission.WAKE_LOCK
ADDED from [BoatlyMobile:react-native-mauron85-background-geolocation:unspecified] AndroidManifest.xml:31:5-68
	android:name
		ADDED from [BoatlyMobile:react-native-mauron85-background-geolocation:unspecified] AndroidManifest.xml:31:22-65
uses-permission#android.permission.ACCESS_NETWORK_STATE
ADDED from [BoatlyMobile:react-native-mauron85-background-geolocation:unspecified] AndroidManifest.xml:32:5-79
	android:name
		ADDED from [BoatlyMobile:react-native-mauron85-background-geolocation:unspecified] AndroidManifest.xml:32:22-76
uses-permission#android.permission.ACCESS_COARSE_LOCATION
ADDED from [BoatlyMobile:react-native-mauron85-background-geolocation:unspecified] AndroidManifest.xml:33:5-81
	android:name
		ADDED from [BoatlyMobile:react-native-mauron85-background-geolocation:unspecified] AndroidManifest.xml:33:22-78
uses-permission#android.permission.ACCESS_FINE_LOCATION
ADDED from [BoatlyMobile:react-native-mauron85-background-geolocation:unspecified] AndroidManifest.xml:34:5-79
	android:name
		ADDED from [BoatlyMobile:react-native-mauron85-background-geolocation:unspecified] AndroidManifest.xml:34:22-76
uses-permission#android.permission.ACCESS_LOCATION_EXTRA_COMMANDS
ADDED from [BoatlyMobile:react-native-mauron85-background-geolocation:unspecified] AndroidManifest.xml:35:5-89
	android:name
		ADDED from [BoatlyMobile:react-native-mauron85-background-geolocation:unspecified] AndroidManifest.xml:35:22-86
uses-permission#com.google.android.gms.permission.ACTIVITY_RECOGNITION
ADDED from [BoatlyMobile:react-native-mauron85-background-geolocation:unspecified] AndroidManifest.xml:36:5-94
	android:name
		ADDED from [BoatlyMobile:react-native-mauron85-background-geolocation:unspecified] AndroidManifest.xml:36:22-91
uses-permission#android.permission.RECEIVE_BOOT_COMPLETED
ADDED from [BoatlyMobile:react-native-mauron85-background-geolocation:unspecified] AndroidManifest.xml:37:5-81
	android:name
		ADDED from [BoatlyMobile:react-native-mauron85-background-geolocation:unspecified] AndroidManifest.xml:37:22-78
uses-permission#android.permission.READ_SYNC_SETTINGS
ADDED from [BoatlyMobile:react-native-mauron85-background-geolocation:unspecified] AndroidManifest.xml:38:5-77
	android:name
		ADDED from [BoatlyMobile:react-native-mauron85-background-geolocation:unspecified] AndroidManifest.xml:38:22-74
uses-permission#android.permission.WRITE_SYNC_SETTINGS
ADDED from [BoatlyMobile:react-native-mauron85-background-geolocation:unspecified] AndroidManifest.xml:39:5-78
	android:name
		ADDED from [BoatlyMobile:react-native-mauron85-background-geolocation:unspecified] AndroidManifest.xml:39:22-75
uses-permission#android.permission.AUTHENTICATE_ACCOUNTS
ADDED from [BoatlyMobile:react-native-mauron85-background-geolocation:unspecified] AndroidManifest.xml:40:5-80
	android:name
		ADDED from [BoatlyMobile:react-native-mauron85-background-geolocation:unspecified] AndroidManifest.xml:40:22-77
service#com.marianhello.bgloc.sync.SyncService
ADDED from [BoatlyMobile:react-native-mauron85-background-geolocation:unspecified] AndroidManifest.xml:43:9-54:19
	android:process
		ADDED from [BoatlyMobile:react-native-mauron85-background-geolocation:unspecified] AndroidManifest.xml:46:13-36
	android:exported
		ADDED from [BoatlyMobile:react-native-mauron85-background-geolocation:unspecified] AndroidManifest.xml:45:13-36
	android:name
		ADDED from [BoatlyMobile:react-native-mauron85-background-geolocation:unspecified] AndroidManifest.xml:44:13-66
intent-filter#android.content.SyncAdapter
ADDED from [BoatlyMobile:react-native-mauron85-background-geolocation:unspecified] AndroidManifest.xml:47:13-49:29
action#android.content.SyncAdapter
ADDED from [BoatlyMobile:react-native-mauron85-background-geolocation:unspecified] AndroidManifest.xml:48:17-70
	android:name
		ADDED from [BoatlyMobile:react-native-mauron85-background-geolocation:unspecified] AndroidManifest.xml:48:25-67
meta-data#android.content.SyncAdapter
ADDED from [BoatlyMobile:react-native-mauron85-background-geolocation:unspecified] AndroidManifest.xml:51:13-53:55
	android:resource
		ADDED from [BoatlyMobile:react-native-mauron85-background-geolocation:unspecified] AndroidManifest.xml:53:17-52
	android:name
		ADDED from [BoatlyMobile:react-native-mauron85-background-geolocation:unspecified] AndroidManifest.xml:52:17-59
service#com.marianhello.bgloc.sync.AuthenticatorService
ADDED from [BoatlyMobile:react-native-mauron85-background-geolocation:unspecified] AndroidManifest.xml:55:9-63:19
	android:name
		ADDED from [BoatlyMobile:react-native-mauron85-background-geolocation:unspecified] AndroidManifest.xml:55:18-80
intent-filter#android.accounts.AccountAuthenticator
ADDED from [BoatlyMobile:react-native-mauron85-background-geolocation:unspecified] AndroidManifest.xml:56:13-58:29
action#android.accounts.AccountAuthenticator
ADDED from [BoatlyMobile:react-native-mauron85-background-geolocation:unspecified] AndroidManifest.xml:57:17-80
	android:name
		ADDED from [BoatlyMobile:react-native-mauron85-background-geolocation:unspecified] AndroidManifest.xml:57:25-77
meta-data#android.accounts.AccountAuthenticator
ADDED from [BoatlyMobile:react-native-mauron85-background-geolocation:unspecified] AndroidManifest.xml:60:13-62:57
	android:resource
		ADDED from [BoatlyMobile:react-native-mauron85-background-geolocation:unspecified] AndroidManifest.xml:62:17-54
	android:name
		ADDED from [BoatlyMobile:react-native-mauron85-background-geolocation:unspecified] AndroidManifest.xml:61:17-69
provider#com.marianhello.bgloc.sync.DummyContentProvider
ADDED from [BoatlyMobile:react-native-mauron85-background-geolocation:unspecified] AndroidManifest.xml:65:9-69:39
	android:authorities
		ADDED from [BoatlyMobile:react-native-mauron85-background-geolocation:unspecified] AndroidManifest.xml:67:13-60
	android:syncable
		ADDED from [BoatlyMobile:react-native-mauron85-background-geolocation:unspecified] AndroidManifest.xml:69:13-36
	android:exported
		ADDED from [BoatlyMobile:react-native-mauron85-background-geolocation:unspecified] AndroidManifest.xml:68:13-37
	android:name
		ADDED from [BoatlyMobile:react-native-mauron85-background-geolocation:unspecified] AndroidManifest.xml:66:13-75
service#com.marianhello.bgloc.LocationService
ADDED from [BoatlyMobile:react-native-mauron85-background-geolocation:unspecified] AndroidManifest.xml:71:9-74:40
	android:enabled
		ADDED from [BoatlyMobile:react-native-mauron85-background-geolocation:unspecified] AndroidManifest.xml:73:13-35
	android:exported
		ADDED from [BoatlyMobile:react-native-mauron85-background-geolocation:unspecified] AndroidManifest.xml:74:13-37
	android:name
		ADDED from [BoatlyMobile:react-native-mauron85-background-geolocation:unspecified] AndroidManifest.xml:72:13-65
receiver#com.marianhello.bgloc.BootCompletedReceiver
ADDED from [BoatlyMobile:react-native-mauron85-background-geolocation:unspecified] AndroidManifest.xml:76:9-83:20
	android:enabled
		ADDED from [BoatlyMobile:react-native-mauron85-background-geolocation:unspecified] AndroidManifest.xml:78:13-35
	android:exported
		ADDED from [BoatlyMobile:react-native-mauron85-background-geolocation:unspecified] AndroidManifest.xml:79:13-36
	android:name
		ADDED from [BoatlyMobile:react-native-mauron85-background-geolocation:unspecified] AndroidManifest.xml:77:13-71
intent-filter#android.intent.action.BOOT_COMPLETED
ADDED from [BoatlyMobile:react-native-mauron85-background-geolocation:unspecified] AndroidManifest.xml:80:13-82:29
action#android.intent.action.BOOT_COMPLETED
ADDED from [BoatlyMobile:react-native-mauron85-background-geolocation:unspecified] AndroidManifest.xml:81:17-79
	android:name
		ADDED from [BoatlyMobile:react-native-mauron85-background-geolocation:unspecified] AndroidManifest.xml:81:25-76
activity#com.google.android.gms.common.api.GoogleApiActivity
ADDED from [com.google.android.gms:play-services-base:11.0.4] AndroidManifest.xml:19:9-172
	android:exported
		ADDED from [com.google.android.gms:play-services-base:11.0.4] AndroidManifest.xml:19:146-170
	android:theme
		ADDED from [com.google.android.gms:play-services-base:11.0.4] AndroidManifest.xml:19:86-145
	android:name
		ADDED from [com.google.android.gms:play-services-base:11.0.4] AndroidManifest.xml:19:19-85
meta-data#com.google.android.gms.version
ADDED from [com.google.android.gms:play-services-basement:11.0.4] AndroidManifest.xml:20:9-121
	android:value
		ADDED from [com.google.android.gms:play-services-basement:11.0.4] AndroidManifest.xml:20:66-119
	android:name
		ADDED from [com.google.android.gms:play-services-basement:11.0.4] AndroidManifest.xml:20:20-65
activity#com.intentfilter.androidpermissions.PermissionsActivity
ADDED from [com.intentfilter:android-permissions:0.1.6] AndroidManifest.xml:12:9-15:59
	android:excludeFromRecents
		ADDED from [com.intentfilter:android-permissions:0.1.6] AndroidManifest.xml:14:13-46
	android:theme
		ADDED from [com.intentfilter:android-permissions:0.1.6] AndroidManifest.xml:15:13-56
	android:name
		ADDED from [com.intentfilter:android-permissions:0.1.6] AndroidManifest.xml:13:13-83
android:uses-permission#android.permission.WRITE_EXTERNAL_STORAGE
IMPLIED from src/main/AndroidManifest.xml:1:1-32:12 reason: org.webkit.android_jsc has a targetSdkVersion < 4
android:uses-permission#android.permission.READ_PHONE_STATE
IMPLIED from src/main/AndroidManifest.xml:1:1-32:12 reason: org.webkit.android_jsc has a targetSdkVersion < 4
android:uses-permission#android.permission.READ_EXTERNAL_STORAGE
IMPLIED from src/main/AndroidManifest.xml:1:1-32:12 reason: org.webkit.android_jsc requested WRITE_EXTERNAL_STORAGE